{"D:\\h8\\P3\\final-project\\inspect-corrupt-app\\server\\app.js": {"path":"D:\\h8\\P3\\final-project\\inspect-corrupt-app\\server\\app.js","statementMap":{"0":{"start":{"line":1,"column":52},"end":{"line":1,"column":76}},"1":{"start":{"line":2,"column":19},"end":{"line":2,"column":44}},"2":{"start":{"line":3,"column":16},"end":{"line":3,"column":34}},"3":{"start":{"line":4,"column":24},"end":{"line":4,"column":50}},"4":{"start":{"line":5,"column":26},"end":{"line":5,"column":54}},"5":{"start":{"line":6,"column":41},"end":{"line":6,"column":66}},"6":{"start":{"line":8,"column":12},"end":{"line":8,"column":21}},"7":{"start":{"line":9,"column":17},"end":{"line":12,"column":1}},"8":{"start":{"line":14,"column":15},"end":{"line":17,"column":2}},"9":{"start":{"line":19,"column":15},"end":{"line":21,"column":2}},"10":{"start":{"line":23,"column":16},"end":{"line":27,"column":1}},"11":{"start":{"line":24,"column":13},"end":{"line":24,"column":34}},"12":{"start":{"line":26,"column":2},"end":{"line":26,"column":16}},"13":{"start":{"line":30,"column":0},"end":{"line":30,"column":67}},"14":{"start":{"line":32,"column":0},"end":{"line":37,"column":3}},"15":{"start":{"line":33,"column":2},"end":{"line":36,"column":5}},"16":{"start":{"line":39,"column":0},"end":{"line":39,"column":21}}},"fnMap":{"0":{"name":"(anonymous_0)","decl":{"start":{"line":23,"column":16},"end":{"line":23,"column":17}},"loc":{"start":{"line":23,"column":28},"end":{"line":27,"column":1}},"line":23},"1":{"name":"(anonymous_1)","decl":{"start":{"line":32,"column":21},"end":{"line":32,"column":22}},"loc":{"start":{"line":32,"column":27},"end":{"line":37,"column":1}},"line":32}},"branchMap":{},"s":{"0":1,"1":1,"2":1,"3":1,"4":1,"5":1,"6":1,"7":1,"8":1,"9":1,"10":1,"11":0,"12":0,"13":1,"14":1,"15":1,"16":1},"f":{"0":0,"1":1},"b":{},"_coverageSchema":"1a1c01bbd47fc00a2c39e90264f33305004495a9","hash":"bcd26b25f832099ac1edaf51c1de90622a1f99de"}
,"D:\\h8\\P3\\final-project\\inspect-corrupt-app\\server\\config\\database.js": {"path":"D:\\h8\\P3\\final-project\\inspect-corrupt-app\\server\\config\\database.js","statementMap":{"0":{"start":{"line":1,"column":34},"end":{"line":1,"column":52}},"1":{"start":{"line":2,"column":30},"end":{"line":2,"column":62}},"2":{"start":{"line":4,"column":14},"end":{"line":4,"column":37}},"3":{"start":{"line":6,"column":20},"end":{"line":6,"column":72}},"4":{"start":{"line":7,"column":21},"end":{"line":7,"column":61}},"5":{"start":{"line":9,"column":15},"end":{"line":9,"column":73}},"6":{"start":{"line":11,"column":0},"end":{"line":11,"column":17}},"7":{"start":{"line":13,"column":11},"end":{"line":13,"column":34}},"8":{"start":{"line":16,"column":21},"end":{"line":16,"column":54}},"9":{"start":{"line":17,"column":21},"end":{"line":19,"column":4}},"10":{"start":{"line":22,"column":2},"end":{"line":25,"column":3}},"11":{"start":{"line":23,"column":4},"end":{"line":23,"column":31}},"12":{"start":{"line":24,"column":4},"end":{"line":24,"column":62}},"13":{"start":{"line":27,"column":2},"end":{"line":27,"column":18}},"14":{"start":{"line":31,"column":2},"end":{"line":31,"column":21}},"15":{"start":{"line":34,"column":0},"end":{"line":34,"column":63}}},"fnMap":{"0":{"name":"startDatabase","decl":{"start":{"line":15,"column":15},"end":{"line":15,"column":28}},"loc":{"start":{"line":15,"column":31},"end":{"line":28,"column":1}},"line":15},"1":{"name":"stopDatabase","decl":{"start":{"line":30,"column":15},"end":{"line":30,"column":27}},"loc":{"start":{"line":30,"column":30},"end":{"line":32,"column":1}},"line":30}},"branchMap":{"0":{"loc":{"start":{"line":6,"column":20},"end":{"line":6,"column":72}},"type":"binary-expr","locations":[{"start":{"line":6,"column":20},"end":{"line":6,"column":41}},{"start":{"line":6,"column":45},"end":{"line":6,"column":72}}],"line":6},"1":{"loc":{"start":{"line":7,"column":21},"end":{"line":7,"column":61}},"type":"binary-expr","locations":[{"start":{"line":7,"column":21},"end":{"line":7,"column":46}},{"start":{"line":7,"column":50},"end":{"line":7,"column":61}}],"line":7},"2":{"loc":{"start":{"line":22,"column":2},"end":{"line":25,"column":3}},"type":"if","locations":[{"start":{"line":22,"column":2},"end":{"line":25,"column":3}},{"start":{"line":22,"column":2},"end":{"line":25,"column":3}}],"line":22}},"s":{"0":1,"1":1,"2":1,"3":1,"4":1,"5":1,"6":1,"7":1,"8":0,"9":0,"10":0,"11":0,"12":0,"13":0,"14":1,"15":1},"f":{"0":0,"1":1},"b":{"0":[1,1],"1":[1,1],"2":[0,0]},"_coverageSchema":"1a1c01bbd47fc00a2c39e90264f33305004495a9","hash":"65fca2ab0c4cb1ef6e8186d3547574de574135b1"}
,"D:\\h8\\P3\\final-project\\inspect-corrupt-app\\server\\helpers\\encrypt.js": {"path":"D:\\h8\\P3\\final-project\\inspect-corrupt-app\\server\\helpers\\encrypt.js","statementMap":{"0":{"start":{"line":1,"column":15},"end":{"line":1,"column":34}},"1":{"start":{"line":5,"column":4},"end":{"line":5,"column":61}},"2":{"start":{"line":9,"column":4},"end":{"line":9,"column":48}},"3":{"start":{"line":13,"column":0},"end":{"line":13,"column":25}}},"fnMap":{"0":{"name":"(anonymous_0)","decl":{"start":{"line":4,"column":2},"end":{"line":4,"column":3}},"loc":{"start":{"line":4,"column":24},"end":{"line":6,"column":3}},"line":4},"1":{"name":"(anonymous_1)","decl":{"start":{"line":8,"column":2},"end":{"line":8,"column":3}},"loc":{"start":{"line":8,"column":35},"end":{"line":10,"column":3}},"line":8}},"branchMap":{},"s":{"0":1,"1":0,"2":0,"3":1},"f":{"0":0,"1":0},"b":{},"_coverageSchema":"1a1c01bbd47fc00a2c39e90264f33305004495a9","hash":"a50c8e1e79591290766b89b3676f31318c7fde2c"}
,"D:\\h8\\P3\\final-project\\inspect-corrupt-app\\server\\helpers\\jwt.js": {"path":"D:\\h8\\P3\\final-project\\inspect-corrupt-app\\server\\helpers\\jwt.js","statementMap":{"0":{"start":{"line":1,"column":12},"end":{"line":1,"column":35}},"1":{"start":{"line":5,"column":4},"end":{"line":5,"column":43}},"2":{"start":{"line":9,"column":4},"end":{"line":9,"column":43}},"3":{"start":{"line":13,"column":0},"end":{"line":13,"column":21}}},"fnMap":{"0":{"name":"(anonymous_0)","decl":{"start":{"line":4,"column":2},"end":{"line":4,"column":3}},"loc":{"start":{"line":4,"column":23},"end":{"line":6,"column":3}},"line":4},"1":{"name":"(anonymous_1)","decl":{"start":{"line":8,"column":2},"end":{"line":8,"column":3}},"loc":{"start":{"line":8,"column":23},"end":{"line":10,"column":3}},"line":8}},"branchMap":{},"s":{"0":1,"1":0,"2":0,"3":1},"f":{"0":0,"1":0},"b":{},"_coverageSchema":"1a1c01bbd47fc00a2c39e90264f33305004495a9","hash":"3b6ff43dd2882dd48018080c3cee546aebdb1299"}
,"D:\\h8\\P3\\final-project\\inspect-corrupt-app\\server\\models\\user.js": {"path":"D:\\h8\\P3\\final-project\\inspect-corrupt-app\\server\\models\\user.js","statementMap":{"0":{"start":{"line":1,"column":25},"end":{"line":1,"column":54}},"1":{"start":{"line":2,"column":24},"end":{"line":2,"column":77}},"2":{"start":{"line":3,"column":17},"end":{"line":3,"column":46}},"3":{"start":{"line":7,"column":4},"end":{"line":7,"column":66}},"4":{"start":{"line":11,"column":4},"end":{"line":11,"column":61}},"5":{"start":{"line":15,"column":4},"end":{"line":15,"column":92}},"6":{"start":{"line":19,"column":0},"end":{"line":19,"column":21}}},"fnMap":{"0":{"name":"(anonymous_0)","decl":{"start":{"line":6,"column":2},"end":{"line":6,"column":3}},"loc":{"start":{"line":6,"column":27},"end":{"line":8,"column":3}},"line":6},"1":{"name":"(anonymous_1)","decl":{"start":{"line":10,"column":2},"end":{"line":10,"column":3}},"loc":{"start":{"line":10,"column":37},"end":{"line":12,"column":3}},"line":10},"2":{"name":"(anonymous_2)","decl":{"start":{"line":14,"column":2},"end":{"line":14,"column":3}},"loc":{"start":{"line":14,"column":33},"end":{"line":16,"column":3}},"line":14}},"branchMap":{"0":{"loc":{"start":{"line":2,"column":38},"end":{"line":2,"column":76}},"type":"binary-expr","locations":[{"start":{"line":2,"column":38},"end":{"line":2,"column":65}},{"start":{"line":2,"column":69},"end":{"line":2,"column":76}}],"line":2}},"s":{"0":1,"1":1,"2":1,"3":0,"4":0,"5":0,"6":1},"f":{"0":0,"1":0,"2":0},"b":{"0":[1,1]},"_coverageSchema":"1a1c01bbd47fc00a2c39e90264f33305004495a9","hash":"ef6563ed31800763617a53912c36aa8f8071ba1e"}
,"D:\\h8\\P3\\final-project\\inspect-corrupt-app\\server\\schemas\\user.js": {"path":"D:\\h8\\P3\\final-project\\inspect-corrupt-app\\server\\schemas\\user.js","statementMap":{"0":{"start":{"line":1,"column":16},"end":{"line":1,"column":40}},"1":{"start":{"line":2,"column":46},"end":{"line":2,"column":71}},"2":{"start":{"line":3,"column":20},"end":{"line":3,"column":49}},"3":{"start":{"line":4,"column":26},"end":{"line":4,"column":51}},"4":{"start":{"line":6,"column":17},"end":{"line":39,"column":1}},"5":{"start":{"line":41,"column":18},"end":{"line":82,"column":1}},"6":{"start":{"line":44,"column":6},"end":{"line":50,"column":7}},"7":{"start":{"line":45,"column":23},"end":{"line":45,"column":27}},"8":{"start":{"line":46,"column":21},"end":{"line":46,"column":38}},"9":{"start":{"line":47,"column":8},"end":{"line":47,"column":20}},"10":{"start":{"line":49,"column":8},"end":{"line":49,"column":19}},"11":{"start":{"line":55,"column":6},"end":{"line":61,"column":7}},"12":{"start":{"line":56,"column":28},"end":{"line":56,"column":32}},"13":{"start":{"line":57,"column":24},"end":{"line":57,"column":47}},"14":{"start":{"line":58,"column":8},"end":{"line":58,"column":30}},"15":{"start":{"line":60,"column":8},"end":{"line":60,"column":19}},"16":{"start":{"line":64,"column":6},"end":{"line":79,"column":7}},"17":{"start":{"line":65,"column":28},"end":{"line":65,"column":32}},"18":{"start":{"line":66,"column":8},"end":{"line":76,"column":9}},"19":{"start":{"line":67,"column":10},"end":{"line":67,"column":63}},"20":{"start":{"line":69,"column":23},"end":{"line":69,"column":58}},"21":{"start":{"line":70,"column":10},"end":{"line":75,"column":11}},"22":{"start":{"line":71,"column":12},"end":{"line":71,"column":65}},"23":{"start":{"line":73,"column":26},"end":{"line":73,"column":39}},"24":{"start":{"line":74,"column":12},"end":{"line":74,"column":29}},"25":{"start":{"line":78,"column":8},"end":{"line":78,"column":19}},"26":{"start":{"line":84,"column":0},"end":{"line":84,"column":40}}},"fnMap":{"0":{"name":"(anonymous_0)","decl":{"start":{"line":43,"column":10},"end":{"line":43,"column":11}},"loc":{"start":{"line":43,"column":29},"end":{"line":51,"column":5}},"line":43},"1":{"name":"(anonymous_1)","decl":{"start":{"line":54,"column":14},"end":{"line":54,"column":15}},"loc":{"start":{"line":54,"column":33},"end":{"line":62,"column":5}},"line":54},"2":{"name":"(anonymous_2)","decl":{"start":{"line":63,"column":11},"end":{"line":63,"column":12}},"loc":{"start":{"line":63,"column":30},"end":{"line":80,"column":5}},"line":63}},"branchMap":{"0":{"loc":{"start":{"line":66,"column":8},"end":{"line":76,"column":9}},"type":"if","locations":[{"start":{"line":66,"column":8},"end":{"line":76,"column":9}},{"start":{"line":66,"column":8},"end":{"line":76,"column":9}}],"line":66},"1":{"loc":{"start":{"line":66,"column":12},"end":{"line":66,"column":47}},"type":"binary-expr","locations":[{"start":{"line":66,"column":12},"end":{"line":66,"column":26}},{"start":{"line":66,"column":30},"end":{"line":66,"column":47}}],"line":66},"2":{"loc":{"start":{"line":70,"column":10},"end":{"line":75,"column":11}},"type":"if","locations":[{"start":{"line":70,"column":10},"end":{"line":75,"column":11}},{"start":{"line":70,"column":10},"end":{"line":75,"column":11}}],"line":70}},"s":{"0":1,"1":1,"2":1,"3":1,"4":1,"5":1,"6":0,"7":0,"8":0,"9":0,"10":0,"11":0,"12":0,"13":0,"14":0,"15":0,"16":0,"17":0,"18":0,"19":0,"20":0,"21":0,"22":0,"23":0,"24":0,"25":0,"26":1},"f":{"0":0,"1":0,"2":0},"b":{"0":[0,0],"1":[0,0],"2":[0,0]},"_coverageSchema":"1a1c01bbd47fc00a2c39e90264f33305004495a9","hash":"7da48b349cb0c7dbaa1ea60e3b5020baec69ab57"}
}
