{"D:\\h8\\P3\\final-project\\inspect-corrupt-app\\server\\app.js": {"path":"D:\\h8\\P3\\final-project\\inspect-corrupt-app\\server\\app.js","statementMap":{"0":{"start":{"line":1,"column":52},"end":{"line":1,"column":76}},"1":{"start":{"line":2,"column":19},"end":{"line":2,"column":44}},"2":{"start":{"line":3,"column":19},"end":{"line":3,"column":44}},"3":{"start":{"line":4,"column":21},"end":{"line":4,"column":48}},"4":{"start":{"line":5,"column":16},"end":{"line":5,"column":34}},"5":{"start":{"line":6,"column":24},"end":{"line":6,"column":50}},"6":{"start":{"line":7,"column":26},"end":{"line":7,"column":54}},"7":{"start":{"line":8,"column":22},"end":{"line":8,"column":32}},"8":{"start":{"line":10,"column":12},"end":{"line":10,"column":21}},"9":{"start":{"line":11,"column":17},"end":{"line":14,"column":1}},"10":{"start":{"line":16,"column":15},"end":{"line":19,"column":2}},"11":{"start":{"line":21,"column":15},"end":{"line":23,"column":2}},"12":{"start":{"line":25,"column":16},"end":{"line":29,"column":1}},"13":{"start":{"line":26,"column":13},"end":{"line":26,"column":34}},"14":{"start":{"line":28,"column":2},"end":{"line":28,"column":16}},"15":{"start":{"line":32,"column":0},"end":{"line":32,"column":66}},"16":{"start":{"line":41,"column":0},"end":{"line":41,"column":33}}},"fnMap":{"0":{"name":"(anonymous_0)","decl":{"start":{"line":25,"column":16},"end":{"line":25,"column":17}},"loc":{"start":{"line":25,"column":28},"end":{"line":29,"column":1}},"line":25}},"branchMap":{},"s":{"0":3,"1":3,"2":3,"3":3,"4":3,"5":3,"6":3,"7":3,"8":3,"9":3,"10":3,"11":3,"12":3,"13":0,"14":0,"15":3,"16":3},"f":{"0":0},"b":{},"_coverageSchema":"1a1c01bbd47fc00a2c39e90264f33305004495a9","hash":"6f1f366a6a31e470901519665adbac2cc70f1b8f"}
,"D:\\h8\\P3\\final-project\\inspect-corrupt-app\\server\\config\\database.js": {"path":"D:\\h8\\P3\\final-project\\inspect-corrupt-app\\server\\config\\database.js","statementMap":{"0":{"start":{"line":1,"column":34},"end":{"line":1,"column":52}},"1":{"start":{"line":2,"column":30},"end":{"line":2,"column":62}},"2":{"start":{"line":4,"column":14},"end":{"line":4,"column":37}},"3":{"start":{"line":6,"column":20},"end":{"line":6,"column":72}},"4":{"start":{"line":7,"column":21},"end":{"line":7,"column":61}},"5":{"start":{"line":9,"column":15},"end":{"line":9,"column":73}},"6":{"start":{"line":11,"column":0},"end":{"line":11,"column":17}},"7":{"start":{"line":13,"column":11},"end":{"line":13,"column":34}},"8":{"start":{"line":17,"column":0},"end":{"line":17,"column":34}}},"fnMap":{},"branchMap":{"0":{"loc":{"start":{"line":6,"column":20},"end":{"line":6,"column":72}},"type":"binary-expr","locations":[{"start":{"line":6,"column":20},"end":{"line":6,"column":41}},{"start":{"line":6,"column":45},"end":{"line":6,"column":72}}],"line":6},"1":{"loc":{"start":{"line":7,"column":21},"end":{"line":7,"column":61}},"type":"binary-expr","locations":[{"start":{"line":7,"column":21},"end":{"line":7,"column":46}},{"start":{"line":7,"column":50},"end":{"line":7,"column":61}}],"line":7}},"s":{"0":3,"1":3,"2":3,"3":3,"4":3,"5":3,"6":3,"7":3,"8":3},"f":{},"b":{"0":[3,3],"1":[3,3]},"_coverageSchema":"1a1c01bbd47fc00a2c39e90264f33305004495a9","hash":"8247c233478885cb208cf2d15f596c90101cba75"}
,"D:\\h8\\P3\\final-project\\inspect-corrupt-app\\server\\helpers\\encrypt.js": {"path":"D:\\h8\\P3\\final-project\\inspect-corrupt-app\\server\\helpers\\encrypt.js","statementMap":{"0":{"start":{"line":1,"column":15},"end":{"line":1,"column":34}},"1":{"start":{"line":5,"column":4},"end":{"line":5,"column":61}},"2":{"start":{"line":9,"column":4},"end":{"line":9,"column":48}},"3":{"start":{"line":13,"column":0},"end":{"line":13,"column":25}}},"fnMap":{"0":{"name":"(anonymous_0)","decl":{"start":{"line":4,"column":2},"end":{"line":4,"column":3}},"loc":{"start":{"line":4,"column":24},"end":{"line":6,"column":3}},"line":4},"1":{"name":"(anonymous_1)","decl":{"start":{"line":8,"column":2},"end":{"line":8,"column":3}},"loc":{"start":{"line":8,"column":35},"end":{"line":10,"column":3}},"line":8}},"branchMap":{},"s":{"0":3,"1":3,"2":3,"3":3},"f":{"0":3,"1":3},"b":{},"_coverageSchema":"1a1c01bbd47fc00a2c39e90264f33305004495a9","hash":"a50c8e1e79591290766b89b3676f31318c7fde2c"}
,"D:\\h8\\P3\\final-project\\inspect-corrupt-app\\server\\helpers\\jwt.js": {"path":"D:\\h8\\P3\\final-project\\inspect-corrupt-app\\server\\helpers\\jwt.js","statementMap":{"0":{"start":{"line":1,"column":12},"end":{"line":1,"column":35}},"1":{"start":{"line":5,"column":4},"end":{"line":5,"column":43}},"2":{"start":{"line":9,"column":4},"end":{"line":9,"column":43}},"3":{"start":{"line":13,"column":0},"end":{"line":13,"column":21}}},"fnMap":{"0":{"name":"(anonymous_0)","decl":{"start":{"line":4,"column":2},"end":{"line":4,"column":3}},"loc":{"start":{"line":4,"column":23},"end":{"line":6,"column":3}},"line":4},"1":{"name":"(anonymous_1)","decl":{"start":{"line":8,"column":2},"end":{"line":8,"column":3}},"loc":{"start":{"line":8,"column":23},"end":{"line":10,"column":3}},"line":8}},"branchMap":{},"s":{"0":3,"1":2,"2":0,"3":3},"f":{"0":2,"1":0},"b":{},"_coverageSchema":"1a1c01bbd47fc00a2c39e90264f33305004495a9","hash":"3b6ff43dd2882dd48018080c3cee546aebdb1299"}
,"D:\\h8\\P3\\final-project\\inspect-corrupt-app\\server\\models\\report.js": {"path":"D:\\h8\\P3\\final-project\\inspect-corrupt-app\\server\\models\\report.js","statementMap":{"0":{"start":{"line":1,"column":25},"end":{"line":1,"column":54}},"1":{"start":{"line":2,"column":26},"end":{"line":2,"column":84}},"2":{"start":{"line":6,"column":4},"end":{"line":6,"column":51}},"3":{"start":{"line":10,"column":4},"end":{"line":10,"column":65}},"4":{"start":{"line":14,"column":4},"end":{"line":14,"column":53}},"5":{"start":{"line":18,"column":4},"end":{"line":33,"column":35}},"6":{"start":{"line":37,"column":4},"end":{"line":37,"column":76}},"7":{"start":{"line":41,"column":0},"end":{"line":41,"column":24}}},"fnMap":{"0":{"name":"(anonymous_0)","decl":{"start":{"line":5,"column":2},"end":{"line":5,"column":3}},"loc":{"start":{"line":5,"column":28},"end":{"line":7,"column":3}},"line":5},"1":{"name":"(anonymous_1)","decl":{"start":{"line":9,"column":2},"end":{"line":9,"column":3}},"loc":{"start":{"line":9,"column":33},"end":{"line":11,"column":3}},"line":9},"2":{"name":"(anonymous_2)","decl":{"start":{"line":13,"column":2},"end":{"line":13,"column":3}},"loc":{"start":{"line":13,"column":36},"end":{"line":15,"column":3}},"line":13},"3":{"name":"(anonymous_3)","decl":{"start":{"line":17,"column":2},"end":{"line":17,"column":3}},"loc":{"start":{"line":17,"column":41},"end":{"line":34,"column":3}},"line":17},"4":{"name":"(anonymous_4)","decl":{"start":{"line":36,"column":2},"end":{"line":36,"column":3}},"loc":{"start":{"line":36,"column":32},"end":{"line":38,"column":3}},"line":36}},"branchMap":{"0":{"loc":{"start":{"line":2,"column":40},"end":{"line":2,"column":83}},"type":"binary-expr","locations":[{"start":{"line":2,"column":40},"end":{"line":2,"column":70}},{"start":{"line":2,"column":74},"end":{"line":2,"column":83}}],"line":2}},"s":{"0":3,"1":3,"2":3,"3":4,"4":3,"5":4,"6":4,"7":3},"f":{"0":3,"1":4,"2":3,"3":4,"4":4},"b":{"0":[3,3]},"_coverageSchema":"1a1c01bbd47fc00a2c39e90264f33305004495a9","hash":"1dfbafdb9941dad8a371217b8e13ed7b672da097"}
,"D:\\h8\\P3\\final-project\\inspect-corrupt-app\\server\\models\\user.js": {"path":"D:\\h8\\P3\\final-project\\inspect-corrupt-app\\server\\models\\user.js","statementMap":{"0":{"start":{"line":1,"column":25},"end":{"line":1,"column":54}},"1":{"start":{"line":2,"column":24},"end":{"line":2,"column":77}},"2":{"start":{"line":3,"column":17},"end":{"line":3,"column":46}},"3":{"start":{"line":7,"column":4},"end":{"line":7,"column":66}},"4":{"start":{"line":11,"column":4},"end":{"line":11,"column":61}},"5":{"start":{"line":15,"column":4},"end":{"line":15,"column":92}},"6":{"start":{"line":19,"column":0},"end":{"line":19,"column":21}}},"fnMap":{"0":{"name":"(anonymous_0)","decl":{"start":{"line":6,"column":2},"end":{"line":6,"column":3}},"loc":{"start":{"line":6,"column":27},"end":{"line":8,"column":3}},"line":6},"1":{"name":"(anonymous_1)","decl":{"start":{"line":10,"column":2},"end":{"line":10,"column":3}},"loc":{"start":{"line":10,"column":37},"end":{"line":12,"column":3}},"line":10},"2":{"name":"(anonymous_2)","decl":{"start":{"line":14,"column":2},"end":{"line":14,"column":3}},"loc":{"start":{"line":14,"column":33},"end":{"line":16,"column":3}},"line":14}},"branchMap":{"0":{"loc":{"start":{"line":2,"column":38},"end":{"line":2,"column":76}},"type":"binary-expr","locations":[{"start":{"line":2,"column":38},"end":{"line":2,"column":65}},{"start":{"line":2,"column":69},"end":{"line":2,"column":76}}],"line":2}},"s":{"0":3,"1":3,"2":3,"3":6,"4":4,"5":3,"6":3},"f":{"0":6,"1":4,"2":3},"b":{"0":[3,3]},"_coverageSchema":"1a1c01bbd47fc00a2c39e90264f33305004495a9","hash":"ef6563ed31800763617a53912c36aa8f8071ba1e"}
,"D:\\h8\\P3\\final-project\\inspect-corrupt-app\\server\\schemas\\news.js": {"path":"D:\\h8\\P3\\final-project\\inspect-corrupt-app\\server\\schemas\\news.js","statementMap":{"0":{"start":{"line":1,"column":16},"end":{"line":1,"column":40}},"1":{"start":{"line":2,"column":14},"end":{"line":2,"column":30}},"2":{"start":{"line":4,"column":17},"end":{"line":23,"column":1}},"3":{"start":{"line":25,"column":18},"end":{"line":57,"column":1}},"4":{"start":{"line":28,"column":32},"end":{"line":28,"column":36}},"5":{"start":{"line":30,"column":27},"end":{"line":30,"column":61}},"6":{"start":{"line":31,"column":12},"end":{"line":39,"column":13}},"7":{"start":{"line":32,"column":33},"end":{"line":35,"column":18}},"8":{"start":{"line":36,"column":16},"end":{"line":36,"column":45}},"9":{"start":{"line":38,"column":16},"end":{"line":38,"column":34}},"10":{"start":{"line":43,"column":26},"end":{"line":43,"column":30}},"11":{"start":{"line":45,"column":27},"end":{"line":45,"column":61}},"12":{"start":{"line":46,"column":12},"end":{"line":54,"column":13}},"13":{"start":{"line":47,"column":33},"end":{"line":50,"column":18}},"14":{"start":{"line":51,"column":16},"end":{"line":51,"column":45}},"15":{"start":{"line":53,"column":16},"end":{"line":53,"column":34}},"16":{"start":{"line":59,"column":0},"end":{"line":59,"column":40}}},"fnMap":{"0":{"name":"(anonymous_0)","decl":{"start":{"line":27,"column":18},"end":{"line":27,"column":19}},"loc":{"start":{"line":27,"column":37},"end":{"line":40,"column":9}},"line":27},"1":{"name":"(anonymous_1)","decl":{"start":{"line":42,"column":20},"end":{"line":42,"column":21}},"loc":{"start":{"line":42,"column":39},"end":{"line":55,"column":9}},"line":42}},"branchMap":{},"s":{"0":3,"1":3,"2":3,"3":3,"4":5,"5":5,"6":5,"7":5,"8":5,"9":0,"10":2,"11":2,"12":2,"13":2,"14":2,"15":0,"16":3},"f":{"0":5,"1":2},"b":{},"_coverageSchema":"1a1c01bbd47fc00a2c39e90264f33305004495a9","hash":"cc8846353127d7d34cbb71755c2c7f03906416bb"}
,"D:\\h8\\P3\\final-project\\inspect-corrupt-app\\server\\schemas\\report.js": {"path":"D:\\h8\\P3\\final-project\\inspect-corrupt-app\\server\\schemas\\report.js","statementMap":{"0":{"start":{"line":1,"column":16},"end":{"line":1,"column":40}},"1":{"start":{"line":2,"column":79},"end":{"line":2,"column":106}},"2":{"start":{"line":4,"column":17},"end":{"line":43,"column":1}},"3":{"start":{"line":45,"column":18},"end":{"line":94,"column":1}},"4":{"start":{"line":48,"column":6},"end":{"line":53,"column":7}},"5":{"start":{"line":49,"column":24},"end":{"line":49,"column":42}},"6":{"start":{"line":50,"column":8},"end":{"line":50,"column":22}},"7":{"start":{"line":52,"column":8},"end":{"line":52,"column":20}},"8":{"start":{"line":56,"column":6},"end":{"line":62,"column":7}},"9":{"start":{"line":57,"column":24},"end":{"line":57,"column":28}},"10":{"start":{"line":58,"column":23},"end":{"line":58,"column":47}},"11":{"start":{"line":59,"column":8},"end":{"line":59,"column":21}},"12":{"start":{"line":61,"column":8},"end":{"line":61,"column":20}},"13":{"start":{"line":67,"column":6},"end":{"line":73,"column":7}},"14":{"start":{"line":68,"column":28},"end":{"line":68,"column":32}},"15":{"start":{"line":69,"column":27},"end":{"line":69,"column":53}},"16":{"start":{"line":70,"column":8},"end":{"line":70,"column":32}},"17":{"start":{"line":72,"column":8},"end":{"line":72,"column":20}},"18":{"start":{"line":76,"column":6},"end":{"line":82,"column":7}},"19":{"start":{"line":77,"column":33},"end":{"line":77,"column":37}},"20":{"start":{"line":78,"column":30},"end":{"line":78,"column":62}},"21":{"start":{"line":79,"column":8},"end":{"line":79,"column":34}},"22":{"start":{"line":81,"column":8},"end":{"line":81,"column":20}},"23":{"start":{"line":85,"column":6},"end":{"line":91,"column":7}},"24":{"start":{"line":86,"column":24},"end":{"line":86,"column":28}},"25":{"start":{"line":87,"column":30},"end":{"line":87,"column":53}},"26":{"start":{"line":88,"column":8},"end":{"line":88,"column":34}},"27":{"start":{"line":90,"column":8},"end":{"line":90,"column":20}},"28":{"start":{"line":96,"column":0},"end":{"line":96,"column":40}}},"fnMap":{"0":{"name":"(anonymous_0)","decl":{"start":{"line":47,"column":13},"end":{"line":47,"column":14}},"loc":{"start":{"line":47,"column":25},"end":{"line":54,"column":5}},"line":47},"1":{"name":"(anonymous_1)","decl":{"start":{"line":55,"column":12},"end":{"line":55,"column":13}},"loc":{"start":{"line":55,"column":31},"end":{"line":63,"column":5}},"line":55},"2":{"name":"(anonymous_2)","decl":{"start":{"line":66,"column":15},"end":{"line":66,"column":16}},"loc":{"start":{"line":66,"column":34},"end":{"line":74,"column":5}},"line":66},"3":{"name":"(anonymous_3)","decl":{"start":{"line":75,"column":18},"end":{"line":75,"column":19}},"loc":{"start":{"line":75,"column":37},"end":{"line":83,"column":5}},"line":75},"4":{"name":"(anonymous_4)","decl":{"start":{"line":84,"column":18},"end":{"line":84,"column":19}},"loc":{"start":{"line":84,"column":37},"end":{"line":92,"column":5}},"line":84}},"branchMap":{},"s":{"0":3,"1":3,"2":3,"3":3,"4":3,"5":3,"6":3,"7":0,"8":4,"9":4,"10":4,"11":3,"12":1,"13":3,"14":3,"15":3,"16":3,"17":0,"18":4,"19":4,"20":4,"21":4,"22":0,"23":4,"24":4,"25":4,"26":4,"27":0,"28":3},"f":{"0":3,"1":4,"2":3,"3":4,"4":4},"b":{},"_coverageSchema":"1a1c01bbd47fc00a2c39e90264f33305004495a9","hash":"804654aa7ec25870a9ceea4778ced5ef899d7ff2"}
,"D:\\h8\\P3\\final-project\\inspect-corrupt-app\\server\\schemas\\user.js": {"path":"D:\\h8\\P3\\final-project\\inspect-corrupt-app\\server\\schemas\\user.js","statementMap":{"0":{"start":{"line":1,"column":16},"end":{"line":1,"column":40}},"1":{"start":{"line":2,"column":46},"end":{"line":2,"column":71}},"2":{"start":{"line":3,"column":20},"end":{"line":3,"column":49}},"3":{"start":{"line":4,"column":26},"end":{"line":4,"column":51}},"4":{"start":{"line":6,"column":17},"end":{"line":42,"column":1}},"5":{"start":{"line":44,"column":18},"end":{"line":85,"column":1}},"6":{"start":{"line":47,"column":6},"end":{"line":53,"column":7}},"7":{"start":{"line":48,"column":23},"end":{"line":48,"column":27}},"8":{"start":{"line":49,"column":21},"end":{"line":49,"column":38}},"9":{"start":{"line":50,"column":8},"end":{"line":50,"column":20}},"10":{"start":{"line":52,"column":8},"end":{"line":52,"column":19}},"11":{"start":{"line":58,"column":6},"end":{"line":64,"column":7}},"12":{"start":{"line":59,"column":28},"end":{"line":59,"column":32}},"13":{"start":{"line":60,"column":24},"end":{"line":60,"column":47}},"14":{"start":{"line":61,"column":8},"end":{"line":61,"column":30}},"15":{"start":{"line":63,"column":8},"end":{"line":63,"column":19}},"16":{"start":{"line":67,"column":6},"end":{"line":82,"column":7}},"17":{"start":{"line":68,"column":28},"end":{"line":68,"column":32}},"18":{"start":{"line":69,"column":8},"end":{"line":79,"column":9}},"19":{"start":{"line":70,"column":10},"end":{"line":70,"column":63}},"20":{"start":{"line":72,"column":23},"end":{"line":72,"column":58}},"21":{"start":{"line":73,"column":10},"end":{"line":78,"column":11}},"22":{"start":{"line":74,"column":12},"end":{"line":74,"column":65}},"23":{"start":{"line":76,"column":26},"end":{"line":76,"column":39}},"24":{"start":{"line":77,"column":12},"end":{"line":77,"column":29}},"25":{"start":{"line":81,"column":8},"end":{"line":81,"column":19}},"26":{"start":{"line":87,"column":0},"end":{"line":87,"column":40}}},"fnMap":{"0":{"name":"(anonymous_0)","decl":{"start":{"line":46,"column":10},"end":{"line":46,"column":11}},"loc":{"start":{"line":46,"column":29},"end":{"line":54,"column":5}},"line":46},"1":{"name":"(anonymous_1)","decl":{"start":{"line":57,"column":14},"end":{"line":57,"column":15}},"loc":{"start":{"line":57,"column":33},"end":{"line":65,"column":5}},"line":57},"2":{"name":"(anonymous_2)","decl":{"start":{"line":66,"column":11},"end":{"line":66,"column":12}},"loc":{"start":{"line":66,"column":30},"end":{"line":83,"column":5}},"line":66}},"branchMap":{"0":{"loc":{"start":{"line":69,"column":8},"end":{"line":79,"column":9}},"type":"if","locations":[{"start":{"line":69,"column":8},"end":{"line":79,"column":9}},{"start":{"line":69,"column":8},"end":{"line":79,"column":9}}],"line":69},"1":{"loc":{"start":{"line":69,"column":12},"end":{"line":69,"column":47}},"type":"binary-expr","locations":[{"start":{"line":69,"column":12},"end":{"line":69,"column":26}},{"start":{"line":69,"column":30},"end":{"line":69,"column":47}}],"line":69},"2":{"loc":{"start":{"line":73,"column":10},"end":{"line":78,"column":11}},"type":"if","locations":[{"start":{"line":73,"column":10},"end":{"line":78,"column":11}},{"start":{"line":73,"column":10},"end":{"line":78,"column":11}}],"line":73}},"s":{"0":3,"1":3,"2":3,"3":3,"4":3,"5":3,"6":6,"7":6,"8":6,"9":3,"10":3,"11":3,"12":3,"13":3,"14":3,"15":0,"16":4,"17":4,"18":4,"19":0,"20":4,"21":4,"22":1,"23":2,"24":2,"25":1,"26":3},"f":{"0":6,"1":3,"2":4},"b":{"0":[0,4],"1":[4,4],"2":[1,2]},"_coverageSchema":"1a1c01bbd47fc00a2c39e90264f33305004495a9","hash":"f7a3c09bcd3e38afe6ce5cdcaa55656cdcc6c370"}
}
