TN:
SF:app.js
FN:25,(anonymous_0)
FNF:1
FNH:0
FNDA:0,(anonymous_0)
DA:1,3
DA:2,3
DA:3,3
DA:4,3
DA:5,3
DA:6,3
DA:7,3
DA:8,3
DA:10,3
DA:11,3
DA:16,3
DA:21,3
DA:25,3
DA:26,0
DA:28,0
DA:32,3
DA:41,3
LF:17
LH:15
BRF:0
BRH:0
end_of_record
TN:
SF:config\database.js
FNF:0
FNH:0
DA:1,3
DA:2,3
DA:4,3
DA:6,3
DA:7,3
DA:9,3
DA:11,3
DA:13,3
DA:17,3
LF:9
LH:9
BRDA:6,0,0,3
BRDA:6,0,1,3
BRDA:7,1,0,3
BRDA:7,1,1,3
BRF:4
BRH:4
end_of_record
TN:
SF:helpers\encrypt.js
FN:4,(anonymous_0)
FN:8,(anonymous_1)
FNF:2
FNH:2
FNDA:3,(anonymous_0)
FNDA:3,(anonymous_1)
DA:1,3
DA:5,3
DA:9,3
DA:13,3
LF:4
LH:4
BRF:0
BRH:0
end_of_record
TN:
SF:helpers\jwt.js
FN:4,(anonymous_0)
FN:8,(anonymous_1)
FNF:2
FNH:1
FNDA:2,(anonymous_0)
FNDA:0,(anonymous_1)
DA:1,3
DA:5,2
DA:9,0
DA:13,3
LF:4
LH:3
BRF:0
BRH:0
end_of_record
TN:
SF:models\report.js
FN:5,(anonymous_0)
FN:9,(anonymous_1)
FN:13,(anonymous_2)
FN:17,(anonymous_3)
FN:36,(anonymous_4)
FNF:5
FNH:5
FNDA:3,(anonymous_0)
FNDA:4,(anonymous_1)
FNDA:3,(anonymous_2)
FNDA:4,(anonymous_3)
FNDA:4,(anonymous_4)
DA:1,3
DA:2,3
DA:6,3
DA:10,4
DA:14,3
DA:18,4
DA:37,4
DA:41,3
LF:8
LH:8
BRDA:2,0,0,3
BRDA:2,0,1,3
BRF:2
BRH:2
end_of_record
TN:
SF:models\user.js
FN:6,(anonymous_0)
FN:10,(anonymous_1)
FN:14,(anonymous_2)
FNF:3
FNH:3
FNDA:6,(anonymous_0)
FNDA:4,(anonymous_1)
FNDA:3,(anonymous_2)
DA:1,3
DA:2,3
DA:3,3
DA:7,6
DA:11,4
DA:15,3
DA:19,3
LF:7
LH:7
BRDA:2,0,0,3
BRDA:2,0,1,3
BRF:2
BRH:2
end_of_record
TN:
SF:schemas\news.js
FN:27,(anonymous_0)
FN:42,(anonymous_1)
FNF:2
FNH:2
FNDA:5,(anonymous_0)
FNDA:2,(anonymous_1)
DA:1,3
DA:2,3
DA:4,3
DA:25,3
DA:28,5
DA:30,5
DA:31,5
DA:32,5
DA:36,5
DA:38,0
DA:43,2
DA:45,2
DA:46,2
DA:47,2
DA:51,2
DA:53,0
DA:59,3
LF:17
LH:15
BRF:0
BRH:0
end_of_record
TN:
SF:schemas\report.js
FN:47,(anonymous_0)
FN:55,(anonymous_1)
FN:66,(anonymous_2)
FN:75,(anonymous_3)
FN:84,(anonymous_4)
FNF:5
FNH:5
FNDA:3,(anonymous_0)
FNDA:4,(anonymous_1)
FNDA:3,(anonymous_2)
FNDA:4,(anonymous_3)
FNDA:4,(anonymous_4)
DA:1,3
DA:2,3
DA:4,3
DA:45,3
DA:48,3
DA:49,3
DA:50,3
DA:52,0
DA:56,4
DA:57,4
DA:58,4
DA:59,3
DA:61,1
DA:67,3
DA:68,3
DA:69,3
DA:70,3
DA:72,0
DA:76,4
DA:77,4
DA:78,4
DA:79,4
DA:81,0
DA:85,4
DA:86,4
DA:87,4
DA:88,4
DA:90,0
DA:96,3
LF:29
LH:25
BRF:0
BRH:0
end_of_record
TN:
SF:schemas\user.js
FN:46,(anonymous_0)
FN:57,(anonymous_1)
FN:66,(anonymous_2)
FNF:3
FNH:3
FNDA:6,(anonymous_0)
FNDA:3,(anonymous_1)
FNDA:4,(anonymous_2)
DA:1,3
DA:2,3
DA:3,3
DA:4,3
DA:6,3
DA:44,3
DA:47,6
DA:48,6
DA:49,6
DA:50,3
DA:52,3
DA:58,3
DA:59,3
DA:60,3
DA:61,3
DA:63,0
DA:67,4
DA:68,4
DA:69,4
DA:70,0
DA:72,4
DA:73,4
DA:74,1
DA:76,2
DA:77,2
DA:81,1
DA:87,3
LF:27
LH:25
BRDA:69,0,0,0
BRDA:69,0,1,4
BRDA:69,1,0,4
BRDA:69,1,1,4
BRDA:73,2,0,1
BRDA:73,2,1,2
BRF:6
BRH:5
end_of_record
